2022-07-28 15:43:29,151 INFO The server IP list of Nacos is []

2022-07-28 15:43:29,156 INFO Starting Nacos v1.4.2 on D-C0021DFZ-1108 with PID 21252 (D:\server\nacos-1.4.2\target\nacos-server.jar started by wjw01019072 in D:\server\nacos-1.4.2\bin)

2022-07-28 15:43:29,156 INFO No active profile set, falling back to default profiles: default

2022-07-28 15:43:30,153 INFO Nacos is starting...

2022-07-28 15:44:26,819 INFO Starting Nacos v1.4.2 on D-C0021DFZ-1108 with PID 9480 (D:\server\nacos-1.4.2\target\nacos-server.jar started by wjw01019072 in D:\server\nacos-1.4.2\bin)

2022-07-28 15:44:26,820 INFO The following profiles are active: standalone

2022-07-28 15:44:40,192 INFO Bean 'org.springframework.security.access.expression.method.DefaultMethodSecurityExpressionHandler@5082d622' of type [org.springframework.security.access.expression.method.DefaultMethodSecurityExpressionHandler] is not eligible for getting processed by all BeanPostProcessors (for example: not eligible for auto-proxying)

2022-07-28 15:44:40,204 INFO Bean 'methodSecurityMetadataSource' of type [org.springframework.security.access.method.DelegatingMethodSecurityMetadataSource] is not eligible for getting processed by all BeanPostProcessors (for example: not eligible for auto-proxying)

2022-07-28 15:44:41,501 INFO Tomcat initialized with port(s): 8848 (http)

2022-07-28 15:44:41,538 INFO Starting service [Tomcat]

2022-07-28 15:44:41,538 INFO Starting Servlet engine: [Apache Tomcat/9.0.38]

2022-07-28 15:44:42,437 INFO At least one JAR was scanned for TLDs yet contained no TLDs. Enable debug logging for this logger for a complete list of JARs that were scanned but no TLDs were found in them. Skipping unneeded JARs during scanning can improve startup time and JSP compilation time.

2022-07-28 15:44:42,500 INFO Initializing Spring embedded WebApplicationContext

2022-07-28 15:44:42,500 INFO Root WebApplicationContext: initialization completed in 15463 ms

2022-07-28 15:44:44,601 INFO HikariPool-1 - Starting...

2022-07-28 15:44:44,607 WARN Registered driver with driverClassName=org.apache.derby.jdbc.EmbeddedDriver was not found, trying direct instantiation.

2022-07-28 15:44:46,129 INFO HikariPool-1 - Driver does not support get/set network timeout for connections. (Feature not implemented: No details.)

2022-07-28 15:44:46,147 INFO HikariPool-1 - Start completed.

2022-07-28 15:44:48,279 INFO Nacos-related cluster resource initialization

2022-07-28 15:44:48,294 INFO The cluster resource is initialized

2022-07-28 15:44:48,976 INFO Reflections took 79 ms to scan 1 urls, producing 4 keys and 6 values 

2022-07-28 15:44:49,012 INFO Reflections took 5 ms to scan 1 urls, producing 6 keys and 26 values 

2022-07-28 15:44:49,030 INFO Reflections took 6 ms to scan 1 urls, producing 3 keys and 15 values 

2022-07-28 15:44:49,052 INFO Reflections took 3 ms to scan 1 urls, producing 2 keys and 12 values 

2022-07-28 15:44:50,400 WARN [HttpClientBeanHolder] Start destroying common HttpClient

2022-07-28 15:44:50,400 WARN [ThreadPoolManager] Start destroying ThreadPool

2022-07-28 15:44:50,402 WARN [ConfigServer-HttpClientManager] Start destroying NacosRestTemplate

2022-07-28 15:44:50,400 WARN [NotifyCenter] Start destroying Publisher

2022-07-28 15:44:50,402 WARN [WatchFileCenter] start close

2022-07-28 15:44:50,404 WARN [WatchFileCenter] start to shutdown this watcher which is watch : D:\server\nacos-1.4.2\conf

2022-07-28 15:44:50,405 WARN [NotifyCenter] Destruction of the end

2022-07-28 15:44:50,406 WARN [HttpClientBeanHolder] Destruction of the end

2022-07-28 15:44:50,405 WARN [WatchFileCenter] already closed

2022-07-28 15:44:50,408 WARN [ConfigServer-HttpClientManager] Destruction of the end

2022-07-28 15:44:50,776 INFO Initializing ExecutorService 'applicationTaskExecutor'

2022-07-28 15:44:50,922 INFO Adding welcome page: class path resource [static/index.html]

2022-07-28 15:44:52,127 INFO Creating filter chain: Ant [pattern='/**'], []

2022-07-28 15:44:52,225 INFO Creating filter chain: any request, [org.springframework.security.web.context.request.async.WebAsyncManagerIntegrationFilter@797501a, org.springframework.security.web.context.SecurityContextPersistenceFilter@29ad44e3, org.springframework.security.web.header.HeaderWriterFilter@e3cee7b, org.springframework.security.web.csrf.CsrfFilter@62da83ed, org.springframework.security.web.authentication.logout.LogoutFilter@14bb2297, org.springframework.security.web.savedrequest.RequestCacheAwareFilter@5af9926a, org.springframework.security.web.servletapi.SecurityContextHolderAwareRequestFilter@726386ed, org.springframework.security.web.authentication.AnonymousAuthenticationFilter@1a15b789, org.springframework.security.web.session.SessionManagementFilter@6b9267b, org.springframework.security.web.access.ExceptionTranslationFilter@37d80fe7]

2022-07-28 15:44:52,564 INFO Initializing ExecutorService 'taskScheduler'

2022-07-28 15:44:52,584 INFO Exposing 2 endpoint(s) beneath base path '/actuator'

2022-07-28 15:44:52,769 INFO Tomcat started on port(s): 8848 (http) with context path '/nacos'

2022-07-28 15:44:52,774 INFO Nacos Log files: D:\server\nacos-1.4.2\logs

2022-07-28 15:44:52,775 INFO Nacos Log files: D:\server\nacos-1.4.2\conf

2022-07-28 15:44:52,775 INFO Nacos Log files: D:\server\nacos-1.4.2\data

2022-07-28 15:44:52,777 ERROR Startup errors : {}

java.lang.IllegalStateException: Shutdown in progress
	at java.lang.ApplicationShutdownHooks.add(ApplicationShutdownHooks.java:66)
	at java.lang.Runtime.addShutdownHook(Runtime.java:211)
	at org.springframework.context.support.AbstractApplicationContext.registerShutdownHook(AbstractApplicationContext.java:950)
	at org.springframework.boot.SpringApplication.refreshContext(SpringApplication.java:394)
	at org.springframework.boot.SpringApplication.run(SpringApplication.java:312)
	at org.springframework.boot.SpringApplication.run(SpringApplication.java:1215)
	at org.springframework.boot.SpringApplication.run(SpringApplication.java:1204)
	at com.alibaba.nacos.Nacos.main(Nacos.java:35)
	at sun.reflect.NativeMethodAccessorImpl.invoke0(Native Method)
	at sun.reflect.NativeMethodAccessorImpl.invoke(NativeMethodAccessorImpl.java:62)
	at sun.reflect.DelegatingMethodAccessorImpl.invoke(DelegatingMethodAccessorImpl.java:43)
	at java.lang.reflect.Method.invoke(Method.java:498)
	at org.springframework.boot.loader.MainMethodRunner.run(MainMethodRunner.java:49)
	at org.springframework.boot.loader.Launcher.launch(Launcher.java:108)
	at org.springframework.boot.loader.Launcher.launch(Launcher.java:58)
	at org.springframework.boot.loader.PropertiesLauncher.main(PropertiesLauncher.java:467)
2022-07-28 15:44:52,780 INFO Shutting down ExecutorService 'taskScheduler'

2022-07-28 15:44:52,782 WARN Invocation of destroy method failed on bean with name 'tomcatMetricsBinder': java.lang.NullPointerException

2022-07-28 15:44:52,783 INFO Shutting down ExecutorService 'applicationTaskExecutor'

2022-07-28 15:44:53,450 ERROR Nacos failed to start, please see D:\server\nacos-1.4.2\logs\nacos.log for more details.

2022-07-28 15:44:53,451 INFO 

Error starting ApplicationContext. To display the conditions report re-run your application with 'debug' enabled.

2022-07-28 15:44:53,453 ERROR Application run failed

java.lang.IllegalStateException: Shutdown in progress
	at java.lang.ApplicationShutdownHooks.add(ApplicationShutdownHooks.java:66)
	at java.lang.Runtime.addShutdownHook(Runtime.java:211)
	at org.springframework.context.support.AbstractApplicationContext.registerShutdownHook(AbstractApplicationContext.java:950)
	at org.springframework.boot.SpringApplication.refreshContext(SpringApplication.java:394)
	at org.springframework.boot.SpringApplication.run(SpringApplication.java:312)
	at org.springframework.boot.SpringApplication.run(SpringApplication.java:1215)
	at org.springframework.boot.SpringApplication.run(SpringApplication.java:1204)
	at com.alibaba.nacos.Nacos.main(Nacos.java:35)
	at sun.reflect.NativeMethodAccessorImpl.invoke0(Native Method)
	at sun.reflect.NativeMethodAccessorImpl.invoke(NativeMethodAccessorImpl.java:62)
	at sun.reflect.DelegatingMethodAccessorImpl.invoke(DelegatingMethodAccessorImpl.java:43)
	at java.lang.reflect.Method.invoke(Method.java:498)
	at org.springframework.boot.loader.MainMethodRunner.run(MainMethodRunner.java:49)
	at org.springframework.boot.loader.Launcher.launch(Launcher.java:108)
	at org.springframework.boot.loader.Launcher.launch(Launcher.java:58)
	at org.springframework.boot.loader.PropertiesLauncher.main(PropertiesLauncher.java:467)
2022-07-28 15:45:07,238 WARN [ThreadPoolManager] Destruction of the end

2022-07-28 15:47:05,971 INFO Starting Nacos v1.4.2 on D-C0021DFZ-1108 with PID 15300 (D:\server\nacos-1.4.2\target\nacos-server.jar started by wjw01019072 in D:\server\nacos-1.4.2\bin)

2022-07-28 15:47:05,971 INFO The following profiles are active: standalone

2022-07-28 15:47:19,387 INFO Bean 'org.springframework.security.access.expression.method.DefaultMethodSecurityExpressionHandler@75d2da2d' of type [org.springframework.security.access.expression.method.DefaultMethodSecurityExpressionHandler] is not eligible for getting processed by all BeanPostProcessors (for example: not eligible for auto-proxying)

2022-07-28 15:47:19,397 INFO Bean 'methodSecurityMetadataSource' of type [org.springframework.security.access.method.DelegatingMethodSecurityMetadataSource] is not eligible for getting processed by all BeanPostProcessors (for example: not eligible for auto-proxying)

2022-07-28 15:47:20,705 INFO Tomcat initialized with port(s): 8848 (http)

2022-07-28 15:47:20,742 INFO Starting service [Tomcat]

2022-07-28 15:47:20,742 INFO Starting Servlet engine: [Apache Tomcat/9.0.38]

2022-07-28 15:47:21,508 INFO At least one JAR was scanned for TLDs yet contained no TLDs. Enable debug logging for this logger for a complete list of JARs that were scanned but no TLDs were found in them. Skipping unneeded JARs during scanning can improve startup time and JSP compilation time.

2022-07-28 15:47:21,566 INFO Initializing Spring embedded WebApplicationContext

2022-07-28 15:47:21,566 INFO Root WebApplicationContext: initialization completed in 15384 ms

2022-07-28 15:47:23,371 INFO HikariPool-1 - Starting...

2022-07-28 15:47:23,375 WARN Registered driver with driverClassName=org.apache.derby.jdbc.EmbeddedDriver was not found, trying direct instantiation.

2022-07-28 15:47:24,568 INFO HikariPool-1 - Driver does not support get/set network timeout for connections. (Feature not implemented: No details.)

2022-07-28 15:47:24,586 INFO HikariPool-1 - Start completed.

2022-07-28 15:47:26,826 INFO Nacos-related cluster resource initialization

2022-07-28 15:47:26,843 INFO The cluster resource is initialized

2022-07-28 15:47:27,532 INFO Reflections took 73 ms to scan 1 urls, producing 4 keys and 6 values 

2022-07-28 15:47:27,566 INFO Reflections took 6 ms to scan 1 urls, producing 6 keys and 26 values 

2022-07-28 15:47:27,584 INFO Reflections took 6 ms to scan 1 urls, producing 3 keys and 15 values 

2022-07-28 15:47:27,607 INFO Reflections took 3 ms to scan 1 urls, producing 2 keys and 12 values 

2022-07-28 15:47:29,304 INFO Initializing ExecutorService 'applicationTaskExecutor'

2022-07-28 15:47:29,444 INFO Adding welcome page: class path resource [static/index.html]

2022-07-28 15:47:30,591 INFO Creating filter chain: Ant [pattern='/**'], []

2022-07-28 15:47:30,671 INFO Creating filter chain: any request, [org.springframework.security.web.context.request.async.WebAsyncManagerIntegrationFilter@16afbd92, org.springframework.security.web.context.SecurityContextPersistenceFilter@5ebd56e9, org.springframework.security.web.header.HeaderWriterFilter@52350abb, org.springframework.security.web.csrf.CsrfFilter@226f885f, org.springframework.security.web.authentication.logout.LogoutFilter@2a492f2a, org.springframework.security.web.savedrequest.RequestCacheAwareFilter@641856, org.springframework.security.web.servletapi.SecurityContextHolderAwareRequestFilter@56b78e55, org.springframework.security.web.authentication.AnonymousAuthenticationFilter@2c5d601e, org.springframework.security.web.session.SessionManagementFilter@1a6f2363, org.springframework.security.web.access.ExceptionTranslationFilter@7d61eccf]

2022-07-28 15:47:31,006 INFO Initializing ExecutorService 'taskScheduler'

2022-07-28 15:47:31,027 INFO Exposing 2 endpoint(s) beneath base path '/actuator'

2022-07-28 15:47:31,216 INFO Tomcat started on port(s): 8848 (http) with context path '/nacos'

2022-07-28 15:47:31,220 INFO Started Nacos in 118.277 seconds (JVM running for 119.547)

2022-07-28 15:47:31,220 INFO Nacos started successfully in stand alone mode. use embedded storage

2022-07-28 15:47:56,431 INFO Initializing Spring DispatcherServlet 'dispatcherServlet'

2022-07-28 15:47:56,431 INFO Initializing Servlet 'dispatcherServlet'

2022-07-28 15:47:56,444 INFO Completed initialization in 12 ms

