2022-07-28 15:44:48,365 INFO raft peers changed: [Member{ip='30.102.7.11', port=8848, state=UP, extendInfo={raftPort=7848}}]

2022-07-28 15:44:48,403 INFO initializing Raft sub-system

2022-07-28 15:44:48,405 INFO finish loading all datums, size: 0 cost 2 ms.

2022-07-28 15:44:48,414 INFO cache loaded, datum count: 0, current term: 0

2022-07-28 15:44:48,414 INFO finish to load data from disk, cost: 11 ms.

2022-07-28 15:44:48,418 INFO timer started: leader timeout ms: 15000, heart-beat timeout ms: 5000

2022-07-28 15:44:49,220 INFO add listener: com.alibaba.nacos.naming.domains.meta.00-00---000-NACOS_SWITCH_DOMAIN-000---00-00

2022-07-28 15:44:49,237 INFO add listener: com.alibaba.nacos.naming.domains.meta.

2022-07-28 15:44:53,340 WARN start to close old raft protocol!!!

2022-07-28 15:44:53,340 WARN stop old raft protocol task for notifier

2022-07-28 15:44:53,340 WARN stop old raft protocol task for master task

2022-07-28 15:44:53,340 WARN stop old raft protocol task for heartbeat task

2022-07-28 15:44:53,340 WARN clean old cache datum for old raft

2022-07-28 15:44:53,340 WARN start to close old raft protocol!!!

2022-07-28 15:44:53,340 WARN stop old raft protocol task for notifier

2022-07-28 15:44:53,340 WARN stop old raft protocol task for master task

2022-07-28 15:44:53,340 WARN stop old raft protocol task for heartbeat task

2022-07-28 15:44:53,340 WARN clean old cache datum for old raft

2022-07-28 15:44:53,340 WARN start to move old raft protocol metadata

2022-07-28 15:44:53,340 WARN start to move old raft protocol metadata

2022-07-28 15:47:26,923 INFO raft peers changed: [Member{ip='30.102.7.11', port=8848, state=UP, extendInfo={raftPort=7848}}]

2022-07-28 15:47:26,967 INFO initializing Raft sub-system

2022-07-28 15:47:26,967 INFO finish loading all datums, size: 0 cost 0 ms.

2022-07-28 15:47:26,976 INFO cache loaded, datum count: 0, current term: 0

2022-07-28 15:47:26,976 INFO finish to load data from disk, cost: 9 ms.

2022-07-28 15:47:26,980 INFO timer started: leader timeout ms: 15000, heart-beat timeout ms: 5000

2022-07-28 15:47:27,767 INFO add listener: com.alibaba.nacos.naming.domains.meta.00-00---000-NACOS_SWITCH_DOMAIN-000---00-00

2022-07-28 15:47:27,784 INFO add listener: com.alibaba.nacos.naming.domains.meta.

2022-07-28 15:47:31,895 WARN start to close old raft protocol!!!

2022-07-28 15:47:31,895 WARN stop old raft protocol task for notifier

2022-07-28 15:47:31,895 WARN stop old raft protocol task for master task

2022-07-28 15:47:31,895 WARN stop old raft protocol task for heartbeat task

2022-07-28 15:47:31,895 WARN clean old cache datum for old raft

2022-07-28 15:47:31,895 WARN start to close old raft protocol!!!

2022-07-28 15:47:31,895 WARN stop old raft protocol task for notifier

2022-07-28 15:47:31,895 WARN stop old raft protocol task for master task

2022-07-28 15:47:31,895 WARN stop old raft protocol task for heartbeat task

2022-07-28 15:47:31,895 WARN clean old cache datum for old raft

2022-07-28 15:47:31,895 WARN start to move old raft protocol metadata

2022-07-28 15:47:31,897 WARN start to move old raft protocol metadata

2022-07-28 15:47:31,898 INFO raft peers changed: [Member{ip='30.102.7.11', port=8848, state=UP, extendInfo={lastRefreshTime=1658994451897, raftPort=7848, version=1.4.2}}]

