2022-07-28 15:44:48,372 INFO GlobalConfig{taskDispatchPeriod=2000, batchSyncKeyCount=1000, syncRetryDelay=5000, dataWarmup=false, expireInstance=true, loadDataRetryDelayMillis=30000}

2022-07-28 15:44:49,236 INFO open empty service auto clean job, initialDelay : 50000 ms, period : 30000 ms

2022-07-28 15:44:49,237 INFO listen for service meta change

2022-07-28 15:44:50,403 WARN [NamingServerHttpClientManager] Start destroying HTTP-Client

2022-07-28 15:44:50,409 WARN [NamingServerHttpClientManager] Destruction of the end

2022-07-28 15:44:59,407 ERROR [HEALTH-CHECK] error while processing NIO task

java.lang.InterruptedException: null
	at java.util.concurrent.locks.AbstractQueuedSynchronizer$ConditionObject.reportInterruptAfterWait(AbstractQueuedSynchronizer.java:2014)
	at java.util.concurrent.locks.AbstractQueuedSynchronizer$ConditionObject.awaitNanos(AbstractQueuedSynchronizer.java:2088)
	at java.util.concurrent.LinkedBlockingQueue.poll(LinkedBlockingQueue.java:467)
	at com.alibaba.nacos.naming.healthcheck.TcpSuperSenseProcessor.processTask(TcpSuperSenseProcessor.java:137)
	at com.alibaba.nacos.naming.healthcheck.TcpSuperSenseProcessor.run(TcpSuperSenseProcessor.java:154)
	at java.util.concurrent.Executors$RunnableAdapter.call(Executors.java:511)
	at java.util.concurrent.FutureTask.run(FutureTask.java:266)
	at java.util.concurrent.ScheduledThreadPoolExecutor$ScheduledFutureTask.access$201(ScheduledThreadPoolExecutor.java:180)
	at java.util.concurrent.ScheduledThreadPoolExecutor$ScheduledFutureTask.run(ScheduledThreadPoolExecutor.java:293)
	at java.util.concurrent.ThreadPoolExecutor.runWorker(ThreadPoolExecutor.java:1149)
	at java.util.concurrent.ThreadPoolExecutor$Worker.run(ThreadPoolExecutor.java:624)
	at java.lang.Thread.run(Thread.java:748)
2022-07-28 15:47:26,932 INFO GlobalConfig{taskDispatchPeriod=2000, batchSyncKeyCount=1000, syncRetryDelay=5000, dataWarmup=false, expireInstance=true, loadDataRetryDelayMillis=30000}

2022-07-28 15:47:27,783 INFO open empty service auto clean job, initialDelay : 50000 ms, period : 30000 ms

2022-07-28 15:47:27,784 INFO listen for service meta change

2022-07-28 15:47:31,898 INFO [NACOS-DISTRO] healthy server list changed, old: [30.102.7.11:8848], new: [30.102.7.11:8848]

